/Users/tridanghuu/Downloads/mlflow_classification_project/.venv/lib/python3.12/site-packages/mlflow/utils/requirements_utils.py:20: UserWarning: pkg_resources is deprecated as an API. See https://setuptools.pypa.io/en/latest/pkg_resources.html. The pkg_resources package is slated for removal as early as 2025-11-30. Refrain from using this package or pin to Setuptools<81.
  import pkg_resources  # noqa: TID251
/Users/tridanghuu/Downloads/mlflow_classification_project/.venv/lib/python3.12/site-packages/mlflow/store/artifact/utils/models.py:32: FutureWarning: ``mlflow.tracking.client.MlflowClient.get_latest_versions`` is deprecated since 2.9.0. Model registry stages will be removed in a future major release. To learn more about the deprecation of model registry stages, see our migration guide here: https://mlflow.org/docs/latest/model-registry.html#migrating-from-stages
  latest = client.get_latest_versions(name, None if stage is None else [stage])
 * Serving Flask app 'app'
 * Debug mode: on
[31m[1mWARNING: This is a development server. Do not use it in a production deployment. Use a production WSGI server instead.[0m
 * Running on all addresses (0.0.0.0)
 * Running on http://127.0.0.1:8000
 * Running on http://192.168.1.5:8000
[33mPress CTRL+C to quit[0m
 * Restarting with stat
/Users/tridanghuu/Downloads/mlflow_classification_project/.venv/lib/python3.12/site-packages/mlflow/utils/requirements_utils.py:20: UserWarning: pkg_resources is deprecated as an API. See https://setuptools.pypa.io/en/latest/pkg_resources.html. The pkg_resources package is slated for removal as early as 2025-11-30. Refrain from using this package or pin to Setuptools<81.
  import pkg_resources  # noqa: TID251
/Users/tridanghuu/Downloads/mlflow_classification_project/.venv/lib/python3.12/site-packages/mlflow/store/artifact/utils/models.py:32: FutureWarning: ``mlflow.tracking.client.MlflowClient.get_latest_versions`` is deprecated since 2.9.0. Model registry stages will be removed in a future major release. To learn more about the deprecation of model registry stages, see our migration guide here: https://mlflow.org/docs/latest/model-registry.html#migrating-from-stages
  latest = client.get_latest_versions(name, None if stage is None else [stage])
 * Debugger is active!
 * Debugger PIN: 679-223-225
Traceback (most recent call last):
  File "/Users/tridanghuu/Downloads/mlflow_classification_project/src/app.py", line 64, in <module>
    app.run(host="0.0.0.0", port=port, debug=True)
  File "/Users/tridanghuu/Downloads/mlflow_classification_project/.venv/lib/python3.12/site-packages/flask/app.py", line 662, in run
    run_simple(t.cast(str, host), port, self, **options)
  File "/Users/tridanghuu/Downloads/mlflow_classification_project/.venv/lib/python3.12/site-packages/werkzeug/serving.py", line 1115, in run_simple
    run_with_reloader(
  File "/Users/tridanghuu/Downloads/mlflow_classification_project/.venv/lib/python3.12/site-packages/werkzeug/_reloader.py", line 459, in run_with_reloader
    ensure_echo_on()
  File "/Users/tridanghuu/Downloads/mlflow_classification_project/.venv/lib/python3.12/site-packages/werkzeug/_reloader.py", line 439, in ensure_echo_on
    termios.tcsetattr(sys.stdin, termios.TCSANOW, attributes)
termios.error: (4, 'Interrupted system call')
Fatal Python error: init_sys_streams: can't initialize sys standard streams
Python runtime state: core initialized
OSError: [Errno 9] Bad file descriptor

Current thread 0x00000001faae0f40 (most recent call first):
  <no Python frame>
